<?xml version="1.0" encoding="UTF-8"?>
<!-- Generated by org.testng.reporters.JUnitReportReporter -->
<testsuite hostname="DESKTOP-2K9CCIH" failures="0" tests="1" name="Maven.Test1" time="11.857" errors="0" timestamp="2023-07-21T20:24:50 IST" skipped="0">
  <testcase classname="Maven.Test1" name="testBusTicketBooking" time="11.857"/>
</testsuite> <!-- Maven.Test1 -->
